-Xajruntimetarget:1.5
-1.8
-outxml
-source
1.8
-target
1.8
-classpath
C:\Users\dixit\.m2\repository\org\springframework\spring-context\5.0.4.RELEASE\spring-context-5.0.4.RELEASE.jar;C:\Users\dixit\.m2\repository\org\springframework\spring-webmvc\5.0.4.RELEASE\spring-webmvc-5.0.4.RELEASE.jar;C:\Users\dixit\.m2\repository\javax\javaee-api\6.0\javaee-api-6.0.jar;C:\Users\dixit\.m2\repository\org\springframework\spring-jdbc\4.3.0.RELEASE\spring-jdbc-4.3.0.RELEASE.jar;C:\Users\dixit\.m2\repository\org\springframework\security\spring-security-web\5.0.0.RELEASE\spring-security-web-5.0.0.RELEASE.jar;C:\Users\dixit\.m2\repository\org\aspectj\aspectjrt\1.8.1\aspectjrt-1.8.1.jar;C:\Users\dixit\.m2\repository\org\apache\logging\log4j\log4j-core\2.1\log4j-core-2.1.jar;C:\Users\dixit\.m2\repository\org\apache\logging\log4j\log4j-slf4j-impl\2.1\log4j-slf4j-impl-2.1.jar;C:\Users\dixit\.m2\repository\com\fasterxml\jackson\core\jackson-databind\2.9.3\jackson-databind-2.9.3.jar;C:\Users\dixit\.m2\repository\org\springframework\spring-test\5.0.4.RELEASE\spring-test-5.0.4.RELEASE.jar;C:\Users\dixit\.m2\repository\junit\junit\4.12\junit-4.12.jar;C:\Users\dixit\.m2\repository\org\xmlunit\xmlunit-matchers\2.5.1\xmlunit-matchers-2.5.1.jar;C:\Users\dixit\.m2\repository\com\jayway\jsonpath\json-path\2.4.0\json-path-2.4.0.jar;C:\Users\dixit\.m2\repository\org\hamcrest\hamcrest-library\1.3\hamcrest-library-1.3.jar;C:\Users\dixit\.m2\repository\org\springframework\spring-aop\5.0.4.RELEASE\spring-aop-5.0.4.RELEASE.jar;C:\Users\dixit\.m2\repository\org\springframework\spring-beans\5.0.4.RELEASE\spring-beans-5.0.4.RELEASE.jar;C:\Users\dixit\.m2\repository\org\springframework\spring-core\5.0.4.RELEASE\spring-core-5.0.4.RELEASE.jar;C:\Users\dixit\.m2\repository\org\springframework\spring-jcl\5.0.4.RELEASE\spring-jcl-5.0.4.RELEASE.jar;C:\Users\dixit\.m2\repository\org\springframework\spring-expression\5.0.4.RELEASE\spring-expression-5.0.4.RELEASE.jar;C:\Users\dixit\.m2\repository\org\springframework\spring-web\5.0.4.RELEASE\spring-web-5.0.4.RELEASE.jar;C:\Users\dixit\.m2\repository\org\springframework\spring-tx\4.3.0.RELEASE\spring-tx-4.3.0.RELEASE.jar;C:\Users\dixit\.m2\repository\org\springframework\security\spring-security-core\5.0.0.RELEASE\spring-security-core-5.0.0.RELEASE.jar;C:\Users\dixit\.m2\repository\org\apache\logging\log4j\log4j-api\2.1\log4j-api-2.1.jar;C:\Users\dixit\.m2\repository\org\slf4j\slf4j-api\1.7.7\slf4j-api-1.7.7.jar;C:\Users\dixit\.m2\repository\com\fasterxml\jackson\core\jackson-annotations\2.9.0\jackson-annotations-2.9.0.jar;C:\Users\dixit\.m2\repository\com\fasterxml\jackson\core\jackson-core\2.9.3\jackson-core-2.9.3.jar;C:\workspace_sts\mywebapp\target\classes
-d
C:\workspace_sts\mywebapp\target\classes
C:\workspace_sts\mywebapp\src\main\java\mywebapp\config\WebConfig.java
C:\workspace_sts\mywebapp\src\main\java\mywebapp\config\WebInitializer.java
C:\workspace_sts\mywebapp\src\main\java\mywebapp\controller\CampaignController.java
C:\workspace_sts\mywebapp\src\main\java\mywebapp\dao\CampaignDao.java
C:\workspace_sts\mywebapp\src\main\java\mywebapp\dao\CampaignDaoImpl.java
C:\workspace_sts\mywebapp\src\main\java\mywebapp\model\Campaign.java
C:\workspace_sts\mywebapp\src\main\java\mywebapp\model\Template.java
C:\workspace_sts\mywebapp\src\main\java\mywebapp\service\CampaignService.java
C:\workspace_sts\mywebapp\src\main\java\mywebapp\service\CampaignServiceImpl.java
